{"/home/hallgrimur1471/hi/vefforritun/verkefni5/gogn/src/multiplier.test.js":{"path":"/home/hallgrimur1471/hi/vefforritun/verkefni5/gogn/src/multiplier.test.js","s":{"1":1,"2":1,"3":1,"4":1,"5":1,"6":1,"7":1,"8":1,"9":1,"10":1,"11":1,"12":1,"13":1,"14":1,"15":1,"16":1,"17":1,"18":1,"19":1,"20":1,"21":1,"22":1,"23":1,"24":1,"25":1,"26":1,"27":1,"28":1,"29":1,"30":1,"31":1,"32":1,"33":1,"34":1,"35":1,"36":1,"37":1,"38":1,"39":1,"40":1},"b":{},"f":{},"fnMap":{},"statementMap":{"1":{"start":{"line":1,"column":0},"end":{"line":1,"column":29}},"2":{"start":{"line":2,"column":0},"end":{"line":2,"column":43}},"3":{"start":{"line":4,"column":0},"end":{"line":4,"column":29}},"4":{"start":{"line":6,"column":0},"end":{"line":19,"column":3}},"5":{"start":{"line":7,"column":2},"end":{"line":9,"column":5}},"6":{"start":{"line":8,"column":4},"end":{"line":8,"column":67}},"7":{"start":{"line":10,"column":2},"end":{"line":12,"column":5}},"8":{"start":{"line":11,"column":4},"end":{"line":11,"column":64}},"9":{"start":{"line":13,"column":2},"end":{"line":15,"column":5}},"10":{"start":{"line":14,"column":4},"end":{"line":14,"column":55}},"11":{"start":{"line":16,"column":2},"end":{"line":18,"column":5}},"12":{"start":{"line":17,"column":4},"end":{"line":17,"column":78}},"13":{"start":{"line":21,"column":0},"end":{"line":34,"column":3}},"14":{"start":{"line":22,"column":2},"end":{"line":24,"column":5}},"15":{"start":{"line":23,"column":4},"end":{"line":23,"column":62}},"16":{"start":{"line":25,"column":2},"end":{"line":27,"column":5}},"17":{"start":{"line":26,"column":4},"end":{"line":26,"column":48}},"18":{"start":{"line":28,"column":2},"end":{"line":30,"column":5}},"19":{"start":{"line":29,"column":4},"end":{"line":29,"column":44}},"20":{"start":{"line":31,"column":2},"end":{"line":33,"column":5}},"21":{"start":{"line":32,"column":4},"end":{"line":32,"column":43}},"22":{"start":{"line":36,"column":0},"end":{"line":64,"column":3}},"23":{"start":{"line":37,"column":2},"end":{"line":39,"column":5}},"24":{"start":{"line":38,"column":4},"end":{"line":38,"column":55}},"25":{"start":{"line":40,"column":2},"end":{"line":42,"column":5}},"26":{"start":{"line":41,"column":4},"end":{"line":41,"column":53}},"27":{"start":{"line":43,"column":2},"end":{"line":45,"column":5}},"28":{"start":{"line":44,"column":4},"end":{"line":44,"column":47}},"29":{"start":{"line":46,"column":2},"end":{"line":48,"column":5}},"30":{"start":{"line":47,"column":4},"end":{"line":47,"column":47}},"31":{"start":{"line":49,"column":2},"end":{"line":51,"column":5}},"32":{"start":{"line":50,"column":4},"end":{"line":50,"column":44}},"33":{"start":{"line":52,"column":2},"end":{"line":54,"column":5}},"34":{"start":{"line":53,"column":4},"end":{"line":53,"column":46}},"35":{"start":{"line":55,"column":2},"end":{"line":57,"column":5}},"36":{"start":{"line":56,"column":4},"end":{"line":56,"column":43}},"37":{"start":{"line":58,"column":2},"end":{"line":60,"column":5}},"38":{"start":{"line":59,"column":4},"end":{"line":59,"column":44}},"39":{"start":{"line":61,"column":2},"end":{"line":63,"column":5}},"40":{"start":{"line":62,"column":4},"end":{"line":62,"column":45}}},"branchMap":{}},"/home/hallgrimur1471/hi/vefforritun/verkefni5/gogn/src/multiplier.js":{"path":"/home/hallgrimur1471/hi/vefforritun/verkefni5/gogn/src/multiplier.js","s":{"1":1,"2":4,"3":4,"4":31,"5":4,"6":4,"7":11,"8":8,"9":4,"10":1,"11":4,"12":2,"13":2,"14":2,"15":8,"16":2,"17":1,"18":9,"19":4,"20":5,"21":5,"22":14,"23":8,"24":5,"25":5,"26":1},"b":{"1":[8,3],"2":[2,2],"3":[4,5],"4":[9,7],"5":[8,6]},"f":{"1":4,"2":4,"3":9},"fnMap":{"1":{"name":"splitIntoNumbers","line":7,"loc":{"start":{"line":7,"column":0},"end":{"line":7,"column":34}}},"2":{"name":"multiply","line":25,"loc":{"start":{"line":25,"column":0},"end":{"line":25,"column":26}}},"3":{"name":"factorize","line":42,"loc":{"start":{"line":42,"column":0},"end":{"line":42,"column":22}}}},"statementMap":{"1":{"start":{"line":7,"column":0},"end":{"line":17,"column":1}},"2":{"start":{"line":8,"column":2},"end":{"line":8,"column":33}},"3":{"start":{"line":9,"column":2},"end":{"line":9,"column":34}},"4":{"start":{"line":9,"column":24},"end":{"line":9,"column":32}},"5":{"start":{"line":10,"column":2},"end":{"line":10,"column":21}},"6":{"start":{"line":11,"column":2},"end":{"line":15,"column":3}},"7":{"start":{"line":12,"column":4},"end":{"line":14,"column":5}},"8":{"start":{"line":13,"column":6},"end":{"line":13,"column":35}},"9":{"start":{"line":16,"column":2},"end":{"line":16,"column":17}},"10":{"start":{"line":25,"column":0},"end":{"line":34,"column":1}},"11":{"start":{"line":26,"column":2},"end":{"line":28,"column":3}},"12":{"start":{"line":27,"column":4},"end":{"line":27,"column":14}},"13":{"start":{"line":29,"column":2},"end":{"line":29,"column":15}},"14":{"start":{"line":30,"column":2},"end":{"line":32,"column":3}},"15":{"start":{"line":31,"column":4},"end":{"line":31,"column":28}},"16":{"start":{"line":33,"column":2},"end":{"line":33,"column":14}},"17":{"start":{"line":42,"column":0},"end":{"line":54,"column":1}},"18":{"start":{"line":43,"column":2},"end":{"line":45,"column":3}},"19":{"start":{"line":44,"column":4},"end":{"line":44,"column":14}},"20":{"start":{"line":46,"column":2},"end":{"line":46,"column":19}},"21":{"start":{"line":47,"column":2},"end":{"line":51,"column":3}},"22":{"start":{"line":48,"column":4},"end":{"line":50,"column":5}},"23":{"start":{"line":49,"column":6},"end":{"line":49,"column":22}},"24":{"start":{"line":52,"column":2},"end":{"line":52,"column":18}},"25":{"start":{"line":53,"column":2},"end":{"line":53,"column":17}},"26":{"start":{"line":56,"column":0},"end":{"line":60,"column":2}}},"branchMap":{"1":{"line":12,"type":"if","locations":[{"start":{"line":12,"column":4},"end":{"line":12,"column":4}},{"start":{"line":12,"column":4},"end":{"line":12,"column":4}}]},"2":{"line":26,"type":"if","locations":[{"start":{"line":26,"column":2},"end":{"line":26,"column":2}},{"start":{"line":26,"column":2},"end":{"line":26,"column":2}}]},"3":{"line":43,"type":"if","locations":[{"start":{"line":43,"column":2},"end":{"line":43,"column":2}},{"start":{"line":43,"column":2},"end":{"line":43,"column":2}}]},"4":{"line":43,"type":"binary-expr","locations":[{"start":{"line":43,"column":7},"end":{"line":43,"column":13}},{"start":{"line":43,"column":19},"end":{"line":43,"column":30}}]},"5":{"line":48,"type":"if","locations":[{"start":{"line":48,"column":4},"end":{"line":48,"column":4}},{"start":{"line":48,"column":4},"end":{"line":48,"column":4}}]}}}}