{"/home/hallgrimur1471/hi/vefforritun/verkefni5/gogn/src/multiplier.test.js":{"path":"/home/hallgrimur1471/hi/vefforritun/verkefni5/gogn/src/multiplier.test.js","s":{"1":1,"2":1,"3":1,"4":1,"5":1,"6":1,"7":1,"8":1,"9":1,"10":1,"11":1,"12":1,"13":1,"14":1,"15":1,"16":1,"17":1,"18":1,"19":1,"20":1,"21":1,"22":1,"23":1,"24":1,"25":1,"26":1,"27":1,"28":1,"29":1,"30":1,"31":1,"32":1,"33":1,"34":1,"35":1,"36":1,"37":1,"38":1,"39":1,"40":1},"b":{},"f":{},"fnMap":{},"statementMap":{"1":{"start":{"line":1,"column":0},"end":{"line":1,"column":29}},"2":{"start":{"line":2,"column":0},"end":{"line":2,"column":43}},"3":{"start":{"line":4,"column":0},"end":{"line":4,"column":29}},"4":{"start":{"line":6,"column":0},"end":{"line":19,"column":3}},"5":{"start":{"line":7,"column":1},"end":{"line":9,"column":4}},"6":{"start":{"line":8,"column":2},"end":{"line":8,"column":57}},"7":{"start":{"line":10,"column":1},"end":{"line":12,"column":4}},"8":{"start":{"line":11,"column":2},"end":{"line":11,"column":54}},"9":{"start":{"line":13,"column":1},"end":{"line":15,"column":4}},"10":{"start":{"line":14,"column":2},"end":{"line":14,"column":53}},"11":{"start":{"line":16,"column":1},"end":{"line":18,"column":4}},"12":{"start":{"line":17,"column":2},"end":{"line":17,"column":76}},"13":{"start":{"line":21,"column":0},"end":{"line":34,"column":3}},"14":{"start":{"line":22,"column":1},"end":{"line":24,"column":4}},"15":{"start":{"line":23,"column":2},"end":{"line":23,"column":60}},"16":{"start":{"line":25,"column":1},"end":{"line":27,"column":4}},"17":{"start":{"line":26,"column":2},"end":{"line":26,"column":46}},"18":{"start":{"line":28,"column":1},"end":{"line":30,"column":4}},"19":{"start":{"line":29,"column":2},"end":{"line":29,"column":42}},"20":{"start":{"line":31,"column":1},"end":{"line":33,"column":4}},"21":{"start":{"line":32,"column":2},"end":{"line":32,"column":41}},"22":{"start":{"line":36,"column":0},"end":{"line":64,"column":3}},"23":{"start":{"line":37,"column":1},"end":{"line":39,"column":4}},"24":{"start":{"line":38,"column":2},"end":{"line":38,"column":53}},"25":{"start":{"line":40,"column":1},"end":{"line":42,"column":4}},"26":{"start":{"line":41,"column":2},"end":{"line":41,"column":51}},"27":{"start":{"line":43,"column":1},"end":{"line":45,"column":4}},"28":{"start":{"line":44,"column":2},"end":{"line":44,"column":45}},"29":{"start":{"line":46,"column":1},"end":{"line":48,"column":4}},"30":{"start":{"line":47,"column":2},"end":{"line":47,"column":45}},"31":{"start":{"line":49,"column":1},"end":{"line":51,"column":4}},"32":{"start":{"line":50,"column":2},"end":{"line":50,"column":42}},"33":{"start":{"line":52,"column":1},"end":{"line":54,"column":4}},"34":{"start":{"line":53,"column":2},"end":{"line":53,"column":44}},"35":{"start":{"line":55,"column":1},"end":{"line":57,"column":4}},"36":{"start":{"line":56,"column":2},"end":{"line":56,"column":41}},"37":{"start":{"line":58,"column":1},"end":{"line":60,"column":4}},"38":{"start":{"line":59,"column":2},"end":{"line":59,"column":42}},"39":{"start":{"line":61,"column":1},"end":{"line":63,"column":4}},"40":{"start":{"line":62,"column":2},"end":{"line":62,"column":43}}},"branchMap":{}},"/home/hallgrimur1471/hi/vefforritun/verkefni5/gogn/src/multiplier.js":{"path":"/home/hallgrimur1471/hi/vefforritun/verkefni5/gogn/src/multiplier.js","s":{"1":1,"2":4,"3":4,"4":27,"5":4,"6":4,"7":9,"8":6,"9":4,"10":1,"11":4,"12":2,"13":2,"14":2,"15":8,"16":2,"17":1,"18":9,"19":4,"20":5,"21":5,"22":14,"23":8,"24":5,"25":5,"26":1},"b":{"1":[6,3],"2":[2,2],"3":[4,5],"4":[9,7],"5":[8,6]},"f":{"1":4,"2":4,"3":9},"fnMap":{"1":{"name":"splitIntoNumbers","line":7,"loc":{"start":{"line":7,"column":0},"end":{"line":7,"column":34}}},"2":{"name":"multiply","line":25,"loc":{"start":{"line":25,"column":0},"end":{"line":25,"column":26}}},"3":{"name":"factorize","line":43,"loc":{"start":{"line":43,"column":0},"end":{"line":43,"column":22}}}},"statementMap":{"1":{"start":{"line":7,"column":0},"end":{"line":17,"column":1}},"2":{"start":{"line":8,"column":1},"end":{"line":8,"column":32}},"3":{"start":{"line":9,"column":1},"end":{"line":9,"column":28}},"4":{"start":{"line":9,"column":21},"end":{"line":9,"column":26}},"5":{"start":{"line":10,"column":1},"end":{"line":10,"column":18}},"6":{"start":{"line":11,"column":1},"end":{"line":15,"column":2}},"7":{"start":{"line":12,"column":2},"end":{"line":14,"column":3}},"8":{"start":{"line":13,"column":3},"end":{"line":13,"column":32}},"9":{"start":{"line":16,"column":1},"end":{"line":16,"column":16}},"10":{"start":{"line":25,"column":0},"end":{"line":35,"column":1}},"11":{"start":{"line":26,"column":1},"end":{"line":34,"column":2}},"12":{"start":{"line":27,"column":2},"end":{"line":27,"column":12}},"13":{"start":{"line":29,"column":2},"end":{"line":29,"column":15}},"14":{"start":{"line":30,"column":2},"end":{"line":32,"column":3}},"15":{"start":{"line":31,"column":3},"end":{"line":31,"column":27}},"16":{"start":{"line":33,"column":2},"end":{"line":33,"column":13}},"17":{"start":{"line":43,"column":0},"end":{"line":56,"column":1}},"18":{"start":{"line":45,"column":1},"end":{"line":47,"column":2}},"19":{"start":{"line":46,"column":2},"end":{"line":46,"column":12}},"20":{"start":{"line":48,"column":1},"end":{"line":48,"column":18}},"21":{"start":{"line":49,"column":1},"end":{"line":53,"column":2}},"22":{"start":{"line":50,"column":2},"end":{"line":52,"column":3}},"23":{"start":{"line":51,"column":3},"end":{"line":51,"column":19}},"24":{"start":{"line":54,"column":1},"end":{"line":54,"column":17}},"25":{"start":{"line":55,"column":1},"end":{"line":55,"column":16}},"26":{"start":{"line":58,"column":0},"end":{"line":62,"column":2}}},"branchMap":{"1":{"line":12,"type":"if","locations":[{"start":{"line":12,"column":2},"end":{"line":12,"column":2}},{"start":{"line":12,"column":2},"end":{"line":12,"column":2}}]},"2":{"line":26,"type":"if","locations":[{"start":{"line":26,"column":1},"end":{"line":26,"column":1}},{"start":{"line":26,"column":1},"end":{"line":26,"column":1}}]},"3":{"line":45,"type":"if","locations":[{"start":{"line":45,"column":1},"end":{"line":45,"column":1}},{"start":{"line":45,"column":1},"end":{"line":45,"column":1}}]},"4":{"line":45,"type":"binary-expr","locations":[{"start":{"line":45,"column":6},"end":{"line":45,"column":12}},{"start":{"line":45,"column":18},"end":{"line":45,"column":29}}]},"5":{"line":50,"type":"if","locations":[{"start":{"line":50,"column":2},"end":{"line":50,"column":2}},{"start":{"line":50,"column":2},"end":{"line":50,"column":2}}]}}}}