TN:
SF:/home/hallgrimur1471/hi/vefforritun/verkefni5/gogn/src/multiplier.test.js
FNF:0
FNH:0
DA:1,1
DA:2,1
DA:4,1
DA:6,1
DA:7,1
DA:8,1
DA:10,1
DA:11,1
DA:13,1
DA:14,1
DA:16,1
DA:17,1
DA:21,1
DA:22,1
DA:23,1
DA:25,1
DA:26,1
DA:28,1
DA:29,1
DA:31,1
DA:32,1
DA:36,1
DA:37,1
DA:38,1
DA:40,1
DA:41,1
DA:43,1
DA:44,1
DA:46,1
DA:47,1
DA:49,1
DA:50,1
DA:52,1
DA:53,1
DA:55,1
DA:56,1
DA:58,1
DA:59,1
DA:61,1
DA:62,1
LF:40
LH:40
BRF:0
BRH:0
end_of_record
TN:
SF:/home/hallgrimur1471/hi/vefforritun/verkefni5/gogn/src/multiplier.js
FN:7,splitIntoNumbers
FN:25,multiply
FN:43,factorize
FNF:3
FNH:3
FNDA:4,splitIntoNumbers
FNDA:4,multiply
FNDA:9,factorize
DA:7,1
DA:8,4
DA:9,27
DA:10,4
DA:11,4
DA:12,9
DA:13,6
DA:16,4
DA:25,1
DA:26,4
DA:27,2
DA:29,2
DA:30,2
DA:31,8
DA:33,2
DA:43,1
DA:45,9
DA:46,4
DA:48,5
DA:49,5
DA:50,14
DA:51,8
DA:54,5
DA:55,5
DA:58,1
LF:25
LH:25
BRDA:12,1,0,6
BRDA:12,1,1,3
BRDA:26,2,0,2
BRDA:26,2,1,2
BRDA:45,3,0,4
BRDA:45,3,1,5
BRDA:45,4,0,9
BRDA:45,4,1,7
BRDA:50,5,0,8
BRDA:50,5,1,6
BRF:10
BRH:10
end_of_record
